<?xml version="1.0" encoding="UTF-8"?>
<!-- Generated by org.testng.reporters.JUnitXMLReporter -->
<testsuite hostname="QA-SWAMYK" ignored="0" name="Default test" tests="2" failures="0" timestamp="2021-07-16T17:49:33 IST" time="165.694" errors="0">
  <testcase name="OpenRedGreenApp" time="42.497" classname="com.RedGreen.RunnerClasses.RunnerClassAppManagerRemoveUApp"/>
  <testcase name="removeunsecureapp" time="123.153" classname="com.RedGreen.RunnerClasses.RunnerClassAppManagerRemoveUApp"/>
</testsuite> <!-- Default test -->
