<?xml version="1.0" encoding="UTF-8"?>
<testng-results skipped="0" failed="0" ignored="0" total="2" passed="2">
  <reporter-output>
  </reporter-output>
  <suite name="Default suite" duration-ms="165694" started-at="2021-07-16T17:46:47 IST" finished-at="2021-07-16T17:49:33 IST">
    <groups>
    </groups>
    <test name="Default test" duration-ms="165694" started-at="2021-07-16T17:46:47 IST" finished-at="2021-07-16T17:49:33 IST">
      <class name="com.RedGreen.RunnerClasses.RunnerClassAppManagerRemoveUApp">
        <test-method status="PASS" signature="OpenRedGreenApp()[pri:1, instance:com.RedGreen.RunnerClasses.RunnerClassAppManagerRemoveUApp@11438d26]" name="OpenRedGreenApp" duration-ms="42497" started-at="2021-07-16T17:46:47 IST" finished-at="2021-07-16T17:47:30 IST">
          <reporter-output>
          </reporter-output>
        </test-method> <!-- OpenRedGreenApp -->
        <test-method status="PASS" signature="removeunsecureapp()[pri:2, instance:com.RedGreen.RunnerClasses.RunnerClassAppManagerRemoveUApp@11438d26]" name="removeunsecureapp" duration-ms="123153" started-at="2021-07-16T17:47:30 IST" finished-at="2021-07-16T17:49:33 IST">
          <reporter-output>
          </reporter-output>
        </test-method> <!-- removeunsecureapp -->
      </class> <!-- com.RedGreen.RunnerClasses.RunnerClassAppManagerRemoveUApp -->
    </test> <!-- Default test -->
  </suite> <!-- Default suite -->
</testng-results>
