<?xml version="1.0" encoding="UTF-8"?>
<!-- Generated by org.testng.reporters.JUnitXMLReporter -->
<testsuite hostname="QA-SWAMYK" ignored="0" name="App Manager-Remove Unsecure app verification1" tests="2" failures="1" timestamp="2020-12-22T18:05:45 IST" time="61.341" errors="0">
  <testcase name="OpenRedGreenApp" time="11.972" classname="com.RedGreen.RunnerClasses.RunnerClassAppManagerRemoveUApp"/>
  <testcase name="removeunsecureapp" time="49.36" classname="com.RedGreen.RunnerClasses.RunnerClassAppManagerRemoveUApp">
    <failure type="org.openqa.selenium.WebDriverException" message="An unknown server-side error occurred while processing the command. Original error: Could not proxy command to remote server. Original error: Error: socket hang up
Build info: version: &amp;apos;3.141.59&amp;apos;, revision: &amp;apos;e82be7d358&amp;apos;, time: &amp;apos;2018-11-14T08:17:03&amp;apos;
System info: host: &amp;apos;QA-SWAMYK&amp;apos;, ip: &amp;apos;192.168.0.5&amp;apos;, os.name: &amp;apos;Windows 10&amp;apos;, os.arch: &amp;apos;amd64&amp;apos;, os.version: &amp;apos;10.0&amp;apos;, java.version: &amp;apos;1.8.0_271&amp;apos;
Driver info: io.appium.java_client.android.AndroidDriver
Capabilities {appActivity: com.unfoldlabs.redgreen.act..., appPackage: com.unfoldlabs.redgreen, browserName: , databaseEnabled: false, desired: {appActivity: com.unfoldlabs.redgreen.act..., appPackage: com.unfoldlabs.redgreen, browserName: , deviceName: emulator-5554, otherApps: [&amp;quot;D:\\batch249\\RGPOMDemo/A..., platformName: android, platformVersion: 8.1.0}, deviceApiLevel: 27, deviceManufacturer: Google, deviceModel: Android SDK built for x86, deviceName: emulator-5554, deviceScreenDensity: 440, deviceScreenSize: 1080x2220, deviceUDID: emulator-5554, javascriptEnabled: true, locationContextEnabled: false, networkConnectionEnabled: true, otherApps: [&amp;quot;D:\\batch249\\RGPOMDemo/A..., pixelRatio: 2.75, platform: LINUX, platformName: Android, platformVersion: 8.1.0, statBarHeight: 66, takesScreenshot: true, viewportRect: {height: 2022, left: 0, top: 66, width: 1080}, warnings: {}, webStorageEnabled: false}
Session ID: 6edbe1e4-dd2e-4211-9536-0765c223e335">
      <![CDATA[org.openqa.selenium.WebDriverException: An unknown server-side error occurred while processing the command. Original error: Could not proxy command to remote server. Original error: Error: socket hang up
Build info: version: '3.141.59', revision: 'e82be7d358', time: '2018-11-14T08:17:03'
System info: host: 'QA-SWAMYK', ip: '192.168.0.5', os.name: 'Windows 10', os.arch: 'amd64', os.version: '10.0', java.version: '1.8.0_271'
Driver info: io.appium.java_client.android.AndroidDriver
Capabilities {appActivity: com.unfoldlabs.redgreen.act..., appPackage: com.unfoldlabs.redgreen, browserName: , databaseEnabled: false, desired: {appActivity: com.unfoldlabs.redgreen.act..., appPackage: com.unfoldlabs.redgreen, browserName: , deviceName: emulator-5554, otherApps: ["D:\\batch249\\RGPOMDemo/A..., platformName: android, platformVersion: 8.1.0}, deviceApiLevel: 27, deviceManufacturer: Google, deviceModel: Android SDK built for x86, deviceName: emulator-5554, deviceScreenDensity: 440, deviceScreenSize: 1080x2220, deviceUDID: emulator-5554, javascriptEnabled: true, locationContextEnabled: false, networkConnectionEnabled: true, otherApps: ["D:\\batch249\\RGPOMDemo/A..., pixelRatio: 2.75, platform: LINUX, platformName: Android, platformVersion: 8.1.0, statBarHeight: 66, takesScreenshot: true, viewportRect: {height: 2022, left: 0, top: 66, width: 1080}, warnings: {}, webStorageEnabled: false}
Session ID: 6edbe1e4-dd2e-4211-9536-0765c223e335
at org.openqa.selenium.remote.http.W3CHttpResponseCodec.createException(W3CHttpResponseCodec.java:187)
at org.openqa.selenium.remote.http.W3CHttpResponseCodec.decode(W3CHttpResponseCodec.java:122)
at org.openqa.selenium.remote.http.W3CHttpResponseCodec.decode(W3CHttpResponseCodec.java:49)
at org.openqa.selenium.remote.HttpCommandExecutor.execute(HttpCommandExecutor.java:158)
at io.appium.java_client.remote.AppiumCommandExecutor.execute(AppiumCommandExecutor.java:239)
at org.openqa.selenium.remote.RemoteWebDriver.execute(RemoteWebDriver.java:552)
at io.appium.java_client.DefaultGenericMobileDriver.execute(DefaultGenericMobileDriver.java:45)
at io.appium.java_client.AppiumDriver.execute(AppiumDriver.java:1)
at io.appium.java_client.android.AndroidDriver.execute(AndroidDriver.java:1)
at org.openqa.selenium.remote.RemoteWebDriver.getScreenshotAs(RemoteWebDriver.java:295)
at com.ExtentReports.ExtentReportforRemoveUnsecureApp.getScreenshot(ExtentReportforRemoveUnsecureApp.java:37)
at com.ExtentReports.ExtentReportforRemoveUnsecureApp.appmanagerfail(ExtentReportforRemoveUnsecureApp.java:57)
at com.RedGreen.AppManager.AppManagerRUApp.appmanagerclick(AppManagerRUApp.java:177)
at com.RedGreen.RunnerClasses.RunnerClassAppManagerRemoveUApp.removeunsecureapp(RunnerClassAppManagerRemoveUApp.java:32)
at java.util.ArrayList.forEach(Unknown Source)
... Removed 31 stack frames]]>
    </failure>
  </testcase> <!-- removeunsecureapp -->
</testsuite> <!-- App Manager-Remove Unsecure app verification1 -->
