<?xml version="1.0" encoding="UTF-8"?>
<!-- Generated by org.testng.reporters.JUnitXMLReporter -->
<testsuite hostname="QA-SWAMYK" ignored="0" name="App Manager-Remove Unsecure app verification2" tests="2" failures="0" timestamp="2020-12-22T18:06:32 IST" time="47.313" errors="0">
  <testcase name="OpenRedGreenApp" time="12.921" classname="com.RedGreen.RunnerClasses.RunnerClassAppManagerRemoveUApps"/>
  <testcase name="appmanagerverifyingunsecureappavailableornot" time="34.388" classname="com.RedGreen.RunnerClasses.RunnerClassAppManagerRemoveUApps"/>
</testsuite> <!-- App Manager-Remove Unsecure app verification2 -->
