<?xml version="1.0" encoding="UTF-8"?>
<!-- Generated by org.testng.reporters.JUnitXMLReporter -->
<testsuite hostname="QA-SWAMYK" ignored="0" name="App Manager-Remove Unsecure app verification" tests="3" failures="0" timestamp="2020-10-20T18:09:12 IST" time="50.814" errors="0">
  <testcase name="OpenRedGreenApp" time="8.901" classname="com.RedGreen.RunnerClasses.RunnerClassWOP"/>
  <testcase name="SplashScreenvalidationsAllowingphonesandmedia" time="7.553" classname="com.RedGreen.RunnerClasses.RunnerClassWOP"/>
  <testcase name="appmanagerverifyingunsecureappavailableornot" time="34.349" classname="com.RedGreen.RunnerClasses.RunnerClassWOP"/>
</testsuite> <!-- App Manager-Remove Unsecure app verification -->
