<?xml version="1.0" encoding="UTF-8"?>
<!-- Generated by org.testng.reporters.JUnitXMLReporter -->
<testsuite hostname="QA-SWAMYK" ignored="0" name="RedGreen AppManager Functionality Verification RemoveUAppsNotExist" tests="2" failures="0" timestamp="2021-01-29T16:27:20 IST" time="818.611" errors="0">
  <testcase name="OpenRedGreenApp" time="30.589" classname="com.RedGreen.RunnerClasses.ZRunnerClassRedGreen_AppManager_And_SpeedBooster"/>
  <testcase name="removeunsecureapp" time="787.974" classname="com.RedGreen.RunnerClasses.ZRunnerClassRedGreen_AppManager_And_SpeedBooster"/>
</testsuite> <!-- RedGreen AppManager Functionality Verification RemoveUAppsNotExist -->
