<?xml version="1.0" encoding="UTF-8"?>
<!-- Generated by org.testng.reporters.JUnitXMLReporter -->
<testsuite hostname="QA-SWAMYK" ignored="0" name="RedGreen AppManager Permissions Verification" tests="2" failures="0" timestamp="2020-12-22T18:04:43 IST" time="38.628" errors="0">
  <testcase name="OpenRedGreenApp" time="10.968" classname="com.RedGreen.RunnerClasses.RunnerClassAppManagerRemoveUAppsNotExist"/>
  <testcase name="NoUnsecuredAppsVerified" time="27.624" classname="com.RedGreen.RunnerClasses.RunnerClassAppManagerRemoveUAppsNotExist"/>
</testsuite> <!-- RedGreen AppManager Permissions Verification -->
