<?xml version="1.0" encoding="UTF-8"?>
<!-- Generated by org.testng.reporters.JUnitXMLReporter -->
<testsuite hostname="QA-SWAMYK" ignored="0" name="RedGreen AppManager Functionality Verification AppManagerRemoveUApp" tests="2" failures="1" timestamp="2021-01-29T16:28:19 IST" time="59.68" errors="0">
  <testcase name="OpenRedGreenApp" time="11.622" classname="com.RedGreen.RunnerClasses.ZRunnerClassRedGreen_SaveBattery_And_AppLock"/>
  <testcase name="removeunsecureapp" time="48.039" classname="com.RedGreen.RunnerClasses.ZRunnerClassRedGreen_SaveBattery_And_AppLock">
    <failure type="org.openqa.selenium.WebDriverException" message="An unknown server-side error occurred while processing the command. Original error: Could not proxy command to remote server. Original error: Error: socket hang up
Build info: version: &amp;apos;3.141.59&amp;apos;, revision: &amp;apos;e82be7d358&amp;apos;, time: &amp;apos;2018-11-14T08:17:03&amp;apos;
System info: host: &amp;apos;QA-SWAMYK&amp;apos;, ip: &amp;apos;192.168.0.5&amp;apos;, os.name: &amp;apos;Windows 10&amp;apos;, os.arch: &amp;apos;amd64&amp;apos;, os.version: &amp;apos;10.0&amp;apos;, java.version: &amp;apos;1.8.0_281&amp;apos;
Driver info: io.appium.java_client.android.AndroidDriver
Capabilities {appActivity: com.unfoldlabs.redgreen.act..., appPackage: com.unfoldlabs.redgreen, browserName: , databaseEnabled: false, desired: {appActivity: com.unfoldlabs.redgreen.act..., appPackage: com.unfoldlabs.redgreen, browserName: , deviceName: emulator-5554, platformName: android, platformVersion: 8.1.0}, deviceApiLevel: 27, deviceManufacturer: Google, deviceModel: Android SDK built for x86, deviceName: emulator-5554, deviceScreenDensity: 440, deviceScreenSize: 1080x2220, deviceUDID: emulator-5554, javascriptEnabled: true, locationContextEnabled: false, networkConnectionEnabled: true, pixelRatio: 2.75, platform: LINUX, platformName: Android, platformVersion: 8.1.0, statBarHeight: 66, takesScreenshot: true, viewportRect: {height: 2022, left: 0, top: 66, width: 1080}, warnings: {}, webStorageEnabled: false}
Session ID: 9fa4638b-d971-41f8-b878-604aed834e97">
      <![CDATA[org.openqa.selenium.WebDriverException: An unknown server-side error occurred while processing the command. Original error: Could not proxy command to remote server. Original error: Error: socket hang up
Build info: version: '3.141.59', revision: 'e82be7d358', time: '2018-11-14T08:17:03'
System info: host: 'QA-SWAMYK', ip: '192.168.0.5', os.name: 'Windows 10', os.arch: 'amd64', os.version: '10.0', java.version: '1.8.0_281'
Driver info: io.appium.java_client.android.AndroidDriver
Capabilities {appActivity: com.unfoldlabs.redgreen.act..., appPackage: com.unfoldlabs.redgreen, browserName: , databaseEnabled: false, desired: {appActivity: com.unfoldlabs.redgreen.act..., appPackage: com.unfoldlabs.redgreen, browserName: , deviceName: emulator-5554, platformName: android, platformVersion: 8.1.0}, deviceApiLevel: 27, deviceManufacturer: Google, deviceModel: Android SDK built for x86, deviceName: emulator-5554, deviceScreenDensity: 440, deviceScreenSize: 1080x2220, deviceUDID: emulator-5554, javascriptEnabled: true, locationContextEnabled: false, networkConnectionEnabled: true, pixelRatio: 2.75, platform: LINUX, platformName: Android, platformVersion: 8.1.0, statBarHeight: 66, takesScreenshot: true, viewportRect: {height: 2022, left: 0, top: 66, width: 1080}, warnings: {}, webStorageEnabled: false}
Session ID: 9fa4638b-d971-41f8-b878-604aed834e97
at org.openqa.selenium.remote.http.W3CHttpResponseCodec.createException(W3CHttpResponseCodec.java:187)
at org.openqa.selenium.remote.http.W3CHttpResponseCodec.decode(W3CHttpResponseCodec.java:122)
at org.openqa.selenium.remote.http.W3CHttpResponseCodec.decode(W3CHttpResponseCodec.java:49)
at org.openqa.selenium.remote.HttpCommandExecutor.execute(HttpCommandExecutor.java:158)
at io.appium.java_client.remote.AppiumCommandExecutor.execute(AppiumCommandExecutor.java:239)
at org.openqa.selenium.remote.RemoteWebDriver.execute(RemoteWebDriver.java:552)
at io.appium.java_client.DefaultGenericMobileDriver.execute(DefaultGenericMobileDriver.java:45)
at io.appium.java_client.AppiumDriver.execute(AppiumDriver.java:1)
at io.appium.java_client.android.AndroidDriver.execute(AndroidDriver.java:1)
at org.openqa.selenium.remote.RemoteWebDriver.getScreenshotAs(RemoteWebDriver.java:295)
at com.ExtentReports.ExtentReportforSaveBattery.getScreenshot(ExtentReportforSaveBattery.java:37)
at com.ExtentReports.ExtentReportforSaveBattery.savebatteryfail(ExtentReportforSaveBattery.java:57)
at com.RedGreen.AppManager.ZRedGreenDetails_SaveBattery_And_AppLock.savebatteryclick(ZRedGreenDetails_SaveBattery_And_AppLock.java:614)
at com.RedGreen.RunnerClasses.ZRunnerClassRedGreen_SaveBattery_And_AppLock.removeunsecureapp(ZRunnerClassRedGreen_SaveBattery_And_AppLock.java:36)
at java.util.ArrayList.forEach(Unknown Source)
... Removed 31 stack frames]]>
    </failure>
  </testcase> <!-- removeunsecureapp -->
</testsuite> <!-- RedGreen AppManager Functionality Verification AppManagerRemoveUApp -->
